# JRE version: OpenJDK Runtime Environment Temurin-17.0.2+8 (17.0.2+8) (build 17.0.2+8)
# Java VM: OpenJDK 64-Bit Server VM Temurin-17.0.2+8 (17.0.2+8, mixed mode, emulated-client, tiered, compressed oops, compressed class ptrs, g1 gc, windows-amd64)
GC Precious Log:
 CPUs: 8 total, 8 available
 Memory: 10182M
 Large Page Support: Disabled
 NUMA Support: Disabled
 Compressed Oops: Enabled (Zero based)
 Heap Region Size: 2M
 Heap Min Capacity: 8M
 Heap Initial Capacity: 160M
 Heap Max Capacity: 2546M
 Pre-touch: Disabled
 Parallel Workers: 8
 Concurrent Workers: 2
 Concurrent Refinement Workers: 8
 Periodic GC: Disabled
Heap:
 garbage-first heap   total 90112K, used 42722K [0x0000000760e00000, 0x0000000800000000)
  region size 2048K, 9 young (18432K), 2 survivors (4096K)
 Metaspace       used 73660K, committed 74240K, reserved 1114112K
  class space    used 9817K, committed 10112K, reserved 1048576K
GC Heap History (20 events):
Event: 15.104 GC heap before
{Heap before GC invocations=26 (full 0):
 garbage-first heap   total 73728K, used 56469K [0x0000000760e00000, 0x0000000800000000)
  region size 2048K, 17 young (34816K), 3 survivors (6144K)
 Metaspace       used 67033K, committed 67456K, reserved 1114112K
  class space    used 9034K, committed 9216K, reserved 1048576K
}
Event: 15.116 GC heap after
{Heap after GC invocations=27 (full 0):
 garbage-first heap   total 90112K, used 29077K [0x0000000760e00000, 0x0000000800000000)
  region size 2048K, 3 young (6144K), 3 survivors (6144K)
 Metaspace       used 67033K, committed 67456K, reserved 1114112K
  class space    used 9034K, committed 9216K, reserved 1048576K
}
Event: 43.259 GC heap before
{Heap before GC invocations=27 (full 0):
 garbage-first heap   total 90112K, used 70037K [0x0000000760e00000, 0x0000000800000000)
  region size 2048K, 24 young (49152K), 3 survivors (6144K)
 Metaspace       used 71369K, committed 71872K, reserved 1114112K
  class space    used 9574K, committed 9792K, reserved 1048576K
}
Event: 43.266 GC heap after
{Heap after GC invocations=28 (full 0):
 garbage-first heap   total 90112K, used 30044K [0x0000000760e00000, 0x0000000800000000)
  region size 2048K, 2 young (4096K), 2 survivors (4096K)
 Metaspace       used 71369K, committed 71872K, reserved 1114112K
  class space    used 9574K, committed 9792K, reserved 1048576K
}
Event: 91.868 GC heap before
{Heap before GC invocations=28 (full 0):
 garbage-first heap   total 90112K, used 38236K [0x0000000760e00000, 0x0000000800000000)
  region size 2048K, 8 young (16384K), 2 survivors (4096K)
 Metaspace       used 72052K, committed 72576K, reserved 1114112K
  class space    used 9664K, committed 9920K, reserved 1048576K
}
Event: 91.953 GC heap after
{Heap after GC invocations=29 (full 1):
 garbage-first heap   total 90112K, used 25139K [0x0000000760e00000, 0x0000000800000000)
  region size 2048K, 0 young (0K), 0 survivors (0K)
 Metaspace       used 72052K, committed 72576K, reserved 1114112K
  class space    used 9664K, committed 9920K, reserved 1048576K
}
Event: 93.780 GC heap before
{Heap before GC invocations=29 (full 1):
 garbage-first heap   total 90112K, used 70195K [0x0000000760e00000, 0x0000000800000000)
  region size 2048K, 22 young (45056K), 0 survivors (0K)
 Metaspace       used 72298K, committed 72832K, reserved 1114112K
  class space    used 9699K, committed 9920K, reserved 1048576K
}
Event: 93.786 GC heap after
{Heap after GC invocations=30 (full 1):
 garbage-first heap   total 90112K, used 28097K [0x0000000760e00000, 0x0000000800000000)
  region size 2048K, 2 young (4096K), 2 survivors (4096K)
 Metaspace       used 72298K, committed 72832K, reserved 1114112K
  class space    used 9699K, committed 9920K, reserved 1048576K
}
Event: 95.285 GC heap before
{Heap before GC invocations=30 (full 1):
 garbage-first heap   total 90112K, used 69057K [0x0000000760e00000, 0x0000000800000000)
  region size 2048K, 22 young (45056K), 2 survivors (4096K)
 Metaspace       used 72693K, committed 73216K, reserved 1114112K
  class space    used 9734K, committed 9984K, reserved 1048576K
}
Event: 95.291 GC heap after
{Heap after GC invocations=31 (full 1):
 garbage-first heap   total 90112K, used 30489K [0x0000000760e00000, 0x0000000800000000)
  region size 2048K, 3 young (6144K), 3 survivors (6144K)
 Metaspace       used 72693K, committed 73216K, reserved 1114112K
  class space    used 9734K, committed 9984K, reserved 1048576K
}
Event: 142.487 GC heap before
{Heap before GC invocations=31 (full 1):
 garbage-first heap   total 90112K, used 69401K [0x0000000760e00000, 0x0000000800000000)
  region size 2048K, 22 young (45056K), 3 survivors (6144K)
 Metaspace       used 73019K, committed 73600K, reserved 1114112K
  class space    used 9774K, committed 10048K, reserved 1048576K
}
Event: 142.503 GC heap after
{Heap after GC invocations=32 (full 1):
 garbage-first heap   total 90112K, used 31462K [0x0000000760e00000, 0x0000000800000000)
  region size 2048K, 3 young (6144K), 3 survivors (6144K)
 Metaspace       used 73019K, committed 73600K, reserved 1114112K
  class space    used 9774K, committed 10048K, reserved 1048576K
}
Event: 209.310 GC heap before
{Heap before GC invocations=32 (full 1):
 garbage-first heap   total 90112K, used 37606K [0x0000000760e00000, 0x0000000800000000)
  region size 2048K, 7 young (14336K), 3 survivors (6144K)
 Metaspace       used 73032K, committed 73664K, reserved 1114112K
  class space    used 9776K, committed 10048K, reserved 1048576K
}
Event: 209.395 GC heap after
{Heap after GC invocations=33 (full 2):
 garbage-first heap   total 90112K, used 24417K [0x0000000760e00000, 0x0000000800000000)
  region size 2048K, 0 young (0K), 0 survivors (0K)
 Metaspace       used 72879K, committed 73664K, reserved 1114112K
  class space    used 9743K, committed 10048K, reserved 1048576K
}
Event: 210.605 GC heap before
{Heap before GC invocations=33 (full 2):
 garbage-first heap   total 90112K, used 67425K [0x0000000760e00000, 0x0000000800000000)
  region size 2048K, 21 young (43008K), 0 survivors (0K)
 Metaspace       used 73100K, committed 73664K, reserved 1114112K
  class space    used 9773K, committed 10048K, reserved 1048576K
}
Event: 210.610 GC heap after
{Heap after GC invocations=34 (full 2):
 garbage-first heap   total 90112K, used 27473K [0x0000000760e00000, 0x0000000800000000)
  region size 2048K, 2 young (4096K), 2 survivors (4096K)
 Metaspace       used 73100K, committed 73664K, reserved 1114112K
  class space    used 9773K, committed 10048K, reserved 1048576K
}
Event: 212.130 GC heap before
{Heap before GC invocations=34 (full 2):
 garbage-first heap   total 90112K, used 64337K [0x0000000760e00000, 0x0000000800000000)
  region size 2048K, 21 young (43008K), 2 survivors (4096K)
 Metaspace       used 73419K, committed 73984K, reserved 1114112K
  class space    used 9798K, committed 10048K, reserved 1048576K
}
Event: 212.136 GC heap after
{Heap after GC invocations=35 (full 2):
 garbage-first heap   total 90112K, used 29734K [0x0000000760e00000, 0x0000000800000000)
  region size 2048K, 3 young (6144K), 3 survivors (6144K)
 Metaspace       used 73419K, committed 73984K, reserved 1114112K
  class space    used 9798K, committed 10048K, reserved 1048576K
}
Event: 213.300 GC heap before
{Heap before GC invocations=35 (full 2):
 garbage-first heap   total 90112K, used 66598K [0x0000000760e00000, 0x0000000800000000)
  region size 2048K, 21 young (43008K), 3 survivors (6144K)
 Metaspace       used 73607K, committed 74240K, reserved 1114112K
  class space    used 9812K, committed 10112K, reserved 1048576K
}
Event: 213.310 GC heap after
{Heap after GC invocations=36 (full 2):
 garbage-first heap   total 90112K, used 30434K [0x0000000760e00000, 0x0000000800000000)
  region size 2048K, 2 young (4096K), 2 survivors (4096K)
 Metaspace       used 73607K, committed 74240K, reserved 1114112K
  class space    used 9812K, committed 10112K, reserved 1048576K
}

